<?xml version="1.0" encoding="UTF-8"?>
<!-- Generated by org.testng.reporters.JUnitReportReporter -->
<testsuite hostname="Mownicas-Air.attlocal.net" failures="0" tests="1" name="MissionHumane_Scrappers" time="0.004" errors="0" timestamp="2022-01-22T22:47:23 CST" skipped="0">
  <testcase classname="MissionHumane_Scrappers" name="missionHumaneProject" time="0.004"/>
  <system-out>
    <![CDATA[page is launched successfully]]>
  </system-out>
</testsuite> <!-- MissionHumane_Scrappers -->
